<?xml version="1.0" encoding="UTF-8"?>
<!-- Generated by org.testng.reporters.JUnitReportReporter -->
<testsuite skipped="0" hostname="Ankits-MacBook-Pro.local" name="com.qa.api.tests.RestAssuredAPITests" tests="1" failures="0" timestamp="02 Aug 2019 05:41:56 GMT" time="3.732" errors="0">
  <testcase name="test_nameOfStates" time="3.732" classname="com.qa.api.tests.RestAssuredAPITests"/>
</testsuite> <!-- com.qa.api.tests.RestAssuredAPITests -->
