<?xml version="1.0" encoding="UTF-8"?>
<!-- Generated by org.testng.reporters.JUnitReportReporter -->
<testsuite skipped="0" hostname="Ankits-MacBook-Pro.local" name="com.qa.api.tests.AirAPITest" tests="3" failures="0" timestamp="04 Aug 2019 05:13:12 GMT" time="8.735" errors="0">
  <testcase name="test_numberOfStatesinAustralia" time="4.295" classname="com.qa.api.tests.AirAPITest"/>
  <testcase name="test_NearestCityAndCoordinates" time="1.944" classname="com.qa.api.tests.AirAPITest"/>
  <testcase name="test_LatitudeAndLongitudeTemperature" time="2.496" classname="com.qa.api.tests.AirAPITest"/>
</testsuite> <!-- com.qa.api.tests.AirAPITest -->
