<?xml version="1.0" encoding="UTF-8"?>
<!-- Generated by org.testng.reporters.JUnitReportReporter -->
<testsuite skipped="0" hostname="Ankits-MacBook-Pro.local" name="com.qa.api.tests.API_BDD_Parameterized" tests="2" failures="0" timestamp="02 Aug 2019 14:38:55 GMT" time="4.040" errors="0">
  <testcase name="test_numberOfStatesinAustralia" time="1.726" classname="com.qa.api.tests.API_BDD_Parameterized"/>
  <testcase name="test_authorization_expectStatus200" time="2.314" classname="com.qa.api.tests.API_BDD_Parameterized"/>
</testsuite> <!-- com.qa.api.tests.API_BDD_Parameterized -->
