<?xml version="1.0" encoding="UTF-8"?>
<!-- Generated by org.testng.reporters.JUnitReportReporter -->
<testsuite skipped="0" hostname="Ankits-MacBook-Pro.local" name="com.qa.api.tests.test_NearestCityAndCoordinates" tests="2" failures="0" timestamp="03 Aug 2019 07:10:41 GMT" time="4.619" errors="0">
  <testcase name="test_NearestCityAndCoordinates" time="1.959" classname="com.qa.api.tests.test_NearestCityAndCoordinates"/>
  <testcase name="test_authorization_expectStatus200" time="2.660" classname="com.qa.api.tests.test_NearestCityAndCoordinates"/>
</testsuite> <!-- com.qa.api.tests.test_NearestCityAndCoordinates -->
